<?xml version="1.0" encoding="UTF-8"?>
<!-- Generated by org.testng.reporters.JUnitReportReporter -->
<testsuite skipped="0" hostname="RSLPTP862" name="SampleJava.DataProviderDemo" tests="2" failures="0" timestamp="17 Mar 2019 05:10:42 GMT" time="0.015" errors="0">
  <testcase name="catchData" time="0.000" classname="SampleJava.DataProviderDemo"/>
  <testcase name="catchData" time="0.015" classname="SampleJava.DataProviderDemo"/>
</testsuite> <!-- SampleJava.DataProviderDemo -->
